{"timestamp":"2025-10-04T07:12:17.434Z","level":"AUDIT","message":"USER_REGISTERED","userId":"68e0c8d0b00b766f8d50cd0e","email":"admin@demo.com","rol":"admin"}
{"timestamp":"2025-10-04T07:12:25.138Z","level":"AUDIT","message":"USER_REGISTERED","userId":"68e0c8d8b00b766f8d50cd10","email":"cobrador@demo.com","rol":"cobrador"}
{"timestamp":"2025-10-04T07:12:34.922Z","level":"AUDIT","message":"LOGIN_SUCCESS","userId":"68e0c8d0b00b766f8d50cd0e","email":"admin@demo.com"}
{"timestamp":"2025-10-04T15:05:54.600Z","level":"AUDIT","message":"LOGIN_FAILED","userId":"68e0c8d0b00b766f8d50cd0e","email":"admin@demo.com","reason":"Contraseña incorrecta"}
{"timestamp":"2025-10-04T15:11:02.413Z","level":"AUDIT","message":"LOGIN_SUCCESS","userId":"68e0c8d0b00b766f8d50cd0e","email":"admin@demo.com"}
{"timestamp":"2025-10-04T20:02:19.551Z","level":"AUDIT","message":"LOGIN_SUCCESS","userId":"68e0c8d0b00b766f8d50cd0e","email":"admin@demo.com"}
{"timestamp":"2025-10-04T20:03:55.312Z","level":"AUDIT","message":"LOGIN_SUCCESS","userId":"68e0c8d0b00b766f8d50cd0e","email":"admin@demo.com"}
{"timestamp":"2025-10-04T20:04:05.400Z","level":"AUDIT","message":"LOGIN_FAILED","userId":"68e0c8d0b00b766f8d50cd0e","email":"admin@demo.com","reason":"Contraseña incorrecta"}
{"timestamp":"2025-10-04T20:04:50.890Z","level":"AUDIT","message":"LOGIN_SUCCESS","userId":"68e0c8d0b00b766f8d50cd0e","email":"admin@demo.com"}
{"timestamp":"2025-10-04T20:13:49.433Z","level":"AUDIT","message":"LOGIN_SUCCESS","userId":"68e0c8d0b00b766f8d50cd0e","email":"admin@demo.com"}
{"timestamp":"2025-10-04T20:17:22.537Z","level":"AUDIT","message":"LOGIN_SUCCESS","userId":"68e0c8d0b00b766f8d50cd0e","email":"admin@demo.com"}
{"timestamp":"2025-10-04T20:17:30.759Z","level":"AUDIT","message":"LOGIN_SUCCESS","userId":"68e0c8d0b00b766f8d50cd0e","email":"admin@demo.com"}
{"timestamp":"2025-10-04T20:18:54.084Z","level":"AUDIT","message":"LOGIN_SUCCESS","userId":"68e0c8d0b00b766f8d50cd0e","email":"admin@demo.com"}
{"timestamp":"2025-10-04T20:26:47.392Z","level":"AUDIT","message":"LOGIN_SUCCESS","userId":"68e0c8d0b00b766f8d50cd0e","email":"admin@demo.com"}
{"timestamp":"2025-10-04T20:32:25.196Z","level":"AUDIT","message":"LOGIN_SUCCESS","userId":"68e0c8d0b00b766f8d50cd0e","email":"admin@demo.com"}
{"timestamp":"2025-10-04T20:38:21.675Z","level":"AUDIT","message":"LOGIN_SUCCESS","userId":"68e0c8d0b00b766f8d50cd0e","email":"admin@demo.com"}
{"timestamp":"2025-10-05T01:10:35.353Z","level":"AUDIT","message":"LOGIN_SUCCESS","userId":"68e0c8d0b00b766f8d50cd0e","email":"admin@demo.com"}
{"timestamp":"2025-10-05T01:13:10.133Z","level":"AUDIT","message":"LOGIN_FAILED","userId":null,"email":"admin@demo.com","reason":"Usuario no encontrado o inactivo"}
{"timestamp":"2025-10-05T01:13:30.742Z","level":"AUDIT","message":"LOGIN_FAILED","userId":null,"email":"admin@demo.com","reason":"Usuario no encontrado o inactivo"}
{"timestamp":"2025-10-05T01:22:18.248Z","level":"AUDIT","message":"LOGIN_FAILED","userId":null,"email":"admin@demo.com","reason":"Usuario no encontrado o inactivo"}
{"timestamp":"2025-10-05T01:22:28.938Z","level":"AUDIT","message":"LOGIN_FAILED","userId":null,"email":"admin@demo.com","reason":"Usuario no encontrado o inactivo"}
{"timestamp":"2025-10-05T01:22:53.824Z","level":"AUDIT","message":"LOGIN_SUCCESS","userId":"68e1c72ca76b85d3bb07ad60","email":"admin"}
{"timestamp":"2025-10-05T01:23:34.630Z","level":"AUDIT","message":"LOGIN_FAILED","userId":null,"email":"admin@demo.com","reason":"Usuario no encontrado o inactivo"}
{"timestamp":"2025-10-05T01:25:18.831Z","level":"AUDIT","message":"LOGIN_FAILED","userId":null,"email":"admin@demo.com","reason":"Usuario no encontrado o inactivo"}
{"timestamp":"2025-10-05T01:31:49.374Z","level":"AUDIT","message":"LOGIN_SUCCESS","userId":"68e1c72ca76b85d3bb07ad60","email":"admin"}
{"timestamp":"2025-10-05T01:33:18.072Z","level":"AUDIT","message":"LOGIN_SUCCESS","userId":"68e1c72ca76b85d3bb07ad60","email":"admin"}
{"timestamp":"2025-10-05T01:34:46.128Z","level":"AUDIT","message":"LOGIN_SUCCESS","userId":"68e1c72ca76b85d3bb07ad60","email":"admin"}
{"timestamp":"2025-10-05T01:39:26.220Z","level":"AUDIT","message":"LOGIN_SUCCESS","userId":"68e1c72ca76b85d3bb07ad60","email":"admin"}
{"timestamp":"2025-10-05T02:42:13.918Z","level":"AUDIT","message":"LOGIN_SUCCESS","userId":"68e1c72ca76b85d3bb07ad60","email":"admin"}
{"timestamp":"2025-10-05T02:46:20.825Z","level":"AUDIT","message":"LOGIN_SUCCESS","userId":"68e1c72ca76b85d3bb07ad60","email":"admin"}
{"timestamp":"2025-10-05T02:46:27.701Z","level":"AUDIT","message":"LOGIN_SUCCESS","userId":"68e1c72ca76b85d3bb07ad60","email":"admin"}
{"timestamp":"2025-10-05T03:04:56.186Z","level":"AUDIT","message":"LOGIN_SUCCESS","userId":"68e1c72ca76b85d3bb07ad60","email":"admin"}
{"timestamp":"2025-10-05T03:12:38.553Z","level":"AUDIT","message":"LOGIN_SUCCESS","userId":"68e1c72ca76b85d3bb07ad60","email":"admin"}
{"timestamp":"2025-10-05T03:13:53.717Z","level":"AUDIT","message":"LOGIN_SUCCESS","userId":"68e1c72ca76b85d3bb07ad60","email":"admin"}
{"timestamp":"2025-10-05T03:14:22.178Z","level":"AUDIT","message":"LOGIN_SUCCESS","userId":"68e1c72ca76b85d3bb07ad60","email":"admin"}
{"timestamp":"2025-10-05T03:16:31.270Z","level":"AUDIT","message":"LOGIN_SUCCESS","userId":"68e1c72ca76b85d3bb07ad60","email":"admin"}
{"timestamp":"2025-10-05T03:17:25.139Z","level":"AUDIT","message":"LOGIN_SUCCESS","userId":"68e1c72ca76b85d3bb07ad60","email":"admin"}
{"timestamp":"2025-10-05T03:47:45.434Z","level":"AUDIT","message":"LOGIN_SUCCESS","userId":"68e1c72ca76b85d3bb07ad60","email":"admin"}
{"timestamp":"2025-10-05T03:51:53.873Z","level":"AUDIT","message":"LOGIN_SUCCESS","userId":"68e1c72ca76b85d3bb07ad60","email":"admin"}
{"timestamp":"2025-10-05T04:12:44.125Z","level":"AUDIT","message":"LOGIN_SUCCESS","userId":"68e13f9468783b2cf815691a","email":"miguel@demo.com"}
{"timestamp":"2025-10-05T04:17:00.349Z","level":"AUDIT","message":"LOGIN_SUCCESS","userId":"68e13f9468783b2cf815691a","email":"miguel"}
{"timestamp":"2025-10-05T04:17:15.413Z","level":"AUDIT","message":"LOGIN_SUCCESS","userId":"68e13f9468783b2cf815691a","email":"miguel"}
{"timestamp":"2025-10-05T04:17:44.720Z","level":"AUDIT","message":"LOGIN_SUCCESS","userId":"68e13f9468783b2cf815691a","email":"miguel"}
{"timestamp":"2025-10-05T04:24:36.914Z","level":"AUDIT","message":"LOGIN_SUCCESS","userId":"68e1c72ca76b85d3bb07ad60","email":"admin"}
{"timestamp":"2025-10-05T04:26:35.354Z","level":"AUDIT","message":"LOGIN_SUCCESS","userId":"68e1c72ca76b85d3bb07ad60","email":"admin"}
{"timestamp":"2025-10-05T04:27:12.356Z","level":"AUDIT","message":"COLLECTOR_UPDATED","userId":"68e1c72ca76b85d3bb07ad60","cobradorId":"68e180b5f82d575b87145d7e","changes":{"activo":false}}
{"timestamp":"2025-10-05T04:27:33.743Z","level":"AUDIT","message":"COLLECTOR_UPDATED","userId":"68e1c72ca76b85d3bb07ad60","cobradorId":"68e180b5f82d575b87145d7e","changes":{"activo":true}}
{"timestamp":"2025-10-05T04:51:26.527Z","level":"AUDIT","message":"LOGIN_SUCCESS","userId":"68e1c72ca76b85d3bb07ad60","email":"admin"}
{"timestamp":"2025-10-05T04:51:34.669Z","level":"AUDIT","message":"LOGIN_SUCCESS","userId":"68e1c72ca76b85d3bb07ad60","email":"admin"}
{"timestamp":"2025-10-05T04:52:44.471Z","level":"AUDIT","message":"LOGIN_SUCCESS","userId":"68e13f9468783b2cf815691a","email":"miguel"}
{"timestamp":"2025-10-05T04:58:55.351Z","level":"AUDIT","message":"LOGIN_SUCCESS","userId":"68e1c72ca76b85d3bb07ad60","email":"admin"}
{"timestamp":"2025-10-05T05:15:54.824Z","level":"AUDIT","message":"LOGIN_SUCCESS","userId":"68e1c72ca76b85d3bb07ad60","email":"admin"}
{"timestamp":"2025-10-05T05:16:48.805Z","level":"AUDIT","message":"LOGIN_SUCCESS","userId":"68e1c72ca76b85d3bb07ad60","email":"admin"}
{"timestamp":"2025-10-05T05:17:50.843Z","level":"AUDIT","message":"LOGIN_SUCCESS","userId":"68e1c72ca76b85d3bb07ad60","email":"admin"}
{"timestamp":"2025-10-05T05:19:34.331Z","level":"AUDIT","message":"LOGIN_SUCCESS","userId":"68e1c72ca76b85d3bb07ad60","email":"admin"}
{"timestamp":"2025-10-05T05:37:05.410Z","level":"AUDIT","message":"LOGIN_SUCCESS","userId":"68e1c72ca76b85d3bb07ad60","email":"admin"}
{"timestamp":"2025-10-05T05:37:14.845Z","level":"AUDIT","message":"LOGIN_SUCCESS","userId":"68e1c72ca76b85d3bb07ad60","email":"admin"}
{"timestamp":"2025-10-05T05:37:41.757Z","level":"AUDIT","message":"LOGIN_SUCCESS","userId":"68e1c72ca76b85d3bb07ad60","email":"admin"}
{"timestamp":"2025-10-05T05:53:03.774Z","level":"AUDIT","message":"LOGIN_SUCCESS","userId":"68e1c72ca76b85d3bb07ad60","email":"admin"}
{"timestamp":"2025-10-05T05:54:10.943Z","level":"AUDIT","message":"LOGIN_SUCCESS","userId":"68e1c72ca76b85d3bb07ad60","email":"admin"}
{"timestamp":"2025-10-05T05:54:46.277Z","level":"AUDIT","message":"LOGIN_SUCCESS","userId":"68e1c72ca76b85d3bb07ad60","email":"admin"}
{"timestamp":"2025-10-05T06:00:51.107Z","level":"AUDIT","message":"LOGIN_SUCCESS","userId":"68e1c72ca76b85d3bb07ad60","email":"admin"}
{"timestamp":"2025-10-05T06:01:07.122Z","level":"AUDIT","message":"LOGIN_SUCCESS","userId":"68e1c72ca76b85d3bb07ad60","email":"admin"}
{"timestamp":"2025-10-05T06:01:57.785Z","level":"AUDIT","message":"LOGIN_SUCCESS","userId":"68e1c72ca76b85d3bb07ad60","email":"admin"}
{"timestamp":"2025-10-05T06:02:04.219Z","level":"AUDIT","message":"LOGIN_SUCCESS","userId":"68e1c72ca76b85d3bb07ad60","email":"admin"}
{"timestamp":"2025-10-05T06:02:32.122Z","level":"AUDIT","message":"LOGIN_SUCCESS","userId":"68e1c72ca76b85d3bb07ad60","email":"admin"}
{"timestamp":"2025-10-05T06:02:40.569Z","level":"AUDIT","message":"LOGIN_SUCCESS","userId":"68e1c72ca76b85d3bb07ad60","email":"admin"}
{"timestamp":"2025-10-05T06:02:49.158Z","level":"AUDIT","message":"LOGIN_SUCCESS","userId":"68e1c72ca76b85d3bb07ad60","email":"admin"}
{"timestamp":"2025-10-05T06:03:33.449Z","level":"AUDIT","message":"LOGIN_SUCCESS","userId":"68e1c72ca76b85d3bb07ad60","email":"admin"}
{"timestamp":"2025-10-05T06:03:42.573Z","level":"AUDIT","message":"LOGIN_SUCCESS","userId":"68e1c72ca76b85d3bb07ad60","email":"admin"}
{"timestamp":"2025-10-05T06:04:03.305Z","level":"AUDIT","message":"LOGIN_SUCCESS","userId":"68e1c72ca76b85d3bb07ad60","email":"admin"}
{"timestamp":"2025-10-05T06:04:12.424Z","level":"AUDIT","message":"LOGIN_SUCCESS","userId":"68e1c72ca76b85d3bb07ad60","email":"admin"}
{"timestamp":"2025-10-05T06:04:20.742Z","level":"AUDIT","message":"LOGIN_SUCCESS","userId":"68e1c72ca76b85d3bb07ad60","email":"admin"}
{"timestamp":"2025-10-05T06:05:09.176Z","level":"AUDIT","message":"LOGIN_SUCCESS","userId":"68e1c72ca76b85d3bb07ad60","email":"admin"}
{"timestamp":"2025-10-05T06:05:31.555Z","level":"AUDIT","message":"LOGIN_SUCCESS","userId":"68e1c72ca76b85d3bb07ad60","email":"admin"}
{"timestamp":"2025-10-05T06:05:40.309Z","level":"AUDIT","message":"LOGIN_SUCCESS","userId":"68e1c72ca76b85d3bb07ad60","email":"admin"}
{"timestamp":"2025-10-05T06:06:47.871Z","level":"AUDIT","message":"LOGIN_SUCCESS","userId":"68e1c72ca76b85d3bb07ad60","email":"admin"}
{"timestamp":"2025-10-05T06:06:58.477Z","level":"AUDIT","message":"LOGIN_SUCCESS","userId":"68e1c72ca76b85d3bb07ad60","email":"admin"}
{"timestamp":"2025-10-05T06:07:56.568Z","level":"AUDIT","message":"LOGIN_SUCCESS","userId":"68e1c72ca76b85d3bb07ad60","email":"admin"}
{"timestamp":"2025-10-05T06:08:01.520Z","level":"AUDIT","message":"LOGIN_SUCCESS","userId":"68e1c72ca76b85d3bb07ad60","email":"admin"}
{"timestamp":"2025-10-05T06:19:27.491Z","level":"AUDIT","message":"LOGIN_SUCCESS","userId":"68e1c72ca76b85d3bb07ad60","email":"admin"}
{"timestamp":"2025-10-05T06:23:50.345Z","level":"AUDIT","message":"LOGIN_SUCCESS","userId":"68e1c72ca76b85d3bb07ad60","email":"admin"}
{"timestamp":"2025-10-05T06:23:59.828Z","level":"AUDIT","message":"LOGIN_SUCCESS","userId":"68e1c72ca76b85d3bb07ad60","email":"admin"}
{"timestamp":"2025-10-05T06:24:37.645Z","level":"AUDIT","message":"LOGIN_SUCCESS","userId":"68e1c72ca76b85d3bb07ad60","email":"admin"}
{"timestamp":"2025-10-05T06:25:11.617Z","level":"AUDIT","message":"LOGIN_SUCCESS","userId":"68e1c72ca76b85d3bb07ad60","email":"admin"}
{"timestamp":"2025-10-05T06:25:32.531Z","level":"AUDIT","message":"LOGIN_SUCCESS","userId":"68e1c72ca76b85d3bb07ad60","email":"admin"}
{"timestamp":"2025-10-05T06:30:59.633Z","level":"AUDIT","message":"LOGIN_SUCCESS","userId":"68e1c72ca76b85d3bb07ad60","email":"admin"}
{"timestamp":"2025-10-05T06:31:02.772Z","level":"AUDIT","message":"LOGIN_SUCCESS","userId":"68e1c72ca76b85d3bb07ad60","email":"admin"}
{"timestamp":"2025-10-05T06:32:31.704Z","level":"AUDIT","message":"LOGIN_SUCCESS","userId":"68e1c72ca76b85d3bb07ad60","email":"admin"}
{"timestamp":"2025-10-05T06:32:42.348Z","level":"AUDIT","message":"LOGIN_SUCCESS","userId":"68e1c72ca76b85d3bb07ad60","email":"admin"}
{"timestamp":"2025-10-05T06:33:27.137Z","level":"AUDIT","message":"LOGIN_SUCCESS","userId":"68e1c72ca76b85d3bb07ad60","email":"admin"}
{"timestamp":"2025-10-05T06:33:34.564Z","level":"AUDIT","message":"LOGIN_SUCCESS","userId":"68e1c72ca76b85d3bb07ad60","email":"admin"}
{"timestamp":"2025-10-05T06:34:25.300Z","level":"AUDIT","message":"LOGIN_SUCCESS","userId":"68e1c72ca76b85d3bb07ad60","email":"admin"}
{"timestamp":"2025-10-05T06:34:34.516Z","level":"AUDIT","message":"LOGIN_SUCCESS","userId":"68e1c72ca76b85d3bb07ad60","email":"admin"}
{"timestamp":"2025-10-05T06:35:31.590Z","level":"AUDIT","message":"LOGIN_SUCCESS","userId":"68e1c72ca76b85d3bb07ad60","email":"admin"}
{"timestamp":"2025-10-05T06:35:38.390Z","level":"AUDIT","message":"LOGIN_SUCCESS","userId":"68e1c72ca76b85d3bb07ad60","email":"admin"}
{"timestamp":"2025-10-05T06:35:50.111Z","level":"AUDIT","message":"LOGIN_SUCCESS","userId":"68e1c72ca76b85d3bb07ad60","email":"admin"}
{"timestamp":"2025-10-05T06:36:01.522Z","level":"AUDIT","message":"LOGIN_SUCCESS","userId":"68e1c72ca76b85d3bb07ad60","email":"admin"}
{"timestamp":"2025-10-05T06:36:49.808Z","level":"AUDIT","message":"LOGIN_SUCCESS","userId":"68e1c72ca76b85d3bb07ad60","email":"admin"}
{"timestamp":"2025-10-05T06:37:03.296Z","level":"AUDIT","message":"LOGIN_SUCCESS","userId":"68e1c72ca76b85d3bb07ad60","email":"admin"}
{"timestamp":"2025-10-05T06:38:05.599Z","level":"AUDIT","message":"LOGIN_SUCCESS","userId":"68e1c72ca76b85d3bb07ad60","email":"admin"}
{"timestamp":"2025-10-05T06:38:14.756Z","level":"AUDIT","message":"LOGIN_SUCCESS","userId":"68e1c72ca76b85d3bb07ad60","email":"admin"}
{"timestamp":"2025-10-05T06:39:02.719Z","level":"AUDIT","message":"LOGIN_SUCCESS","userId":"68e1ff67f991f5977aecfca5","email":"admin"}
{"timestamp":"2025-10-05T06:40:04.723Z","level":"AUDIT","message":"LOGIN_SUCCESS","userId":"68e1ff67f991f5977aecfca5","email":"admin"}
{"timestamp":"2025-10-05T06:40:17.790Z","level":"AUDIT","message":"LOGIN_SUCCESS","userId":"68e1ff67f991f5977aecfca5","email":"admin"}
{"timestamp":"2025-10-05T06:40:29.515Z","level":"AUDIT","message":"LOGIN_SUCCESS","userId":"68e1ff67f991f5977aecfca5","email":"admin"}
{"timestamp":"2025-10-05T06:40:48.882Z","level":"AUDIT","message":"LOGIN_SUCCESS","userId":"68e1ff67f991f5977aecfca5","email":"admin"}
{"timestamp":"2025-10-05T06:41:14.624Z","level":"AUDIT","message":"LOGIN_SUCCESS","userId":"68e1ff67f991f5977aecfca5","email":"admin"}
{"timestamp":"2025-10-05T06:41:21.496Z","level":"AUDIT","message":"LOGIN_SUCCESS","userId":"68e1ff67f991f5977aecfca5","email":"admin"}
{"timestamp":"2025-10-05T06:41:33.910Z","level":"AUDIT","message":"LOGIN_SUCCESS","userId":"68e1ff67f991f5977aecfca5","email":"admin"}
{"timestamp":"2025-10-05T06:42:03.216Z","level":"AUDIT","message":"LOGIN_SUCCESS","userId":"68e1ff67f991f5977aecfca5","email":"admin"}
{"timestamp":"2025-10-05T06:42:46.022Z","level":"AUDIT","message":"LOGIN_SUCCESS","userId":"68e1ff67f991f5977aecfca5","email":"admin"}
{"timestamp":"2025-10-05T06:43:32.086Z","level":"AUDIT","message":"LOGIN_SUCCESS","userId":"68e1ff67f991f5977aecfca5","email":"admin"}
{"timestamp":"2025-10-05T06:43:45.103Z","level":"AUDIT","message":"LOGIN_SUCCESS","userId":"68e1ff67f991f5977aecfca5","email":"admin"}
{"timestamp":"2025-10-05T06:44:20.609Z","level":"AUDIT","message":"LOGIN_SUCCESS","userId":"68e1ff67f991f5977aecfca5","email":"admin"}
{"timestamp":"2025-10-05T06:44:49.781Z","level":"AUDIT","message":"LOGIN_SUCCESS","userId":"68e1ff67f991f5977aecfca5","email":"admin"}
{"timestamp":"2025-10-05T06:51:31.902Z","level":"AUDIT","message":"LOGIN_SUCCESS","userId":"68e1ff67f991f5977aecfca5","email":"admin"}
{"timestamp":"2025-10-05T06:52:19.436Z","level":"AUDIT","message":"LOGIN_SUCCESS","userId":"68e1ff67f991f5977aecfca5","email":"admin"}
{"timestamp":"2025-10-05T06:55:14.262Z","level":"AUDIT","message":"LOGIN_SUCCESS","userId":"68e1ff67f991f5977aecfca5","email":"admin"}
{"timestamp":"2025-10-05T06:55:28.847Z","level":"AUDIT","message":"LOGIN_SUCCESS","userId":"68e1ff67f991f5977aecfca5","email":"admin"}
{"timestamp":"2025-10-05T06:55:49.168Z","level":"AUDIT","message":"LOGIN_SUCCESS","userId":"68e1ff67f991f5977aecfca5","email":"admin"}
{"timestamp":"2025-10-05T13:23:03.239Z","level":"AUDIT","message":"LOGIN_FAILED","userId":"68e1ff67f991f5977aecfca5","email":"admin","reason":"Contraseña incorrecta"}
{"timestamp":"2025-10-05T13:27:27.215Z","level":"AUDIT","message":"LOGIN_SUCCESS","userId":"68e1ff67f991f5977aecfca5","email":"admin"}
{"timestamp":"2025-10-05T13:30:47.215Z","level":"AUDIT","message":"LOGIN_SUCCESS","userId":"68e1ff67f991f5977aecfca5","email":"admin"}
{"timestamp":"2025-10-05T13:30:57.914Z","level":"AUDIT","message":"LOGIN_SUCCESS","userId":"68e1ff67f991f5977aecfca5","email":"admin"}
{"timestamp":"2025-10-05T13:31:05.393Z","level":"AUDIT","message":"LOGIN_SUCCESS","userId":"68e1ff67f991f5977aecfca5","email":"admin"}
{"timestamp":"2025-10-05T13:31:25.526Z","level":"AUDIT","message":"LOGIN_SUCCESS","userId":"68e1ff67f991f5977aecfca5","email":"admin"}
{"timestamp":"2025-10-05T13:58:42.815Z","level":"AUDIT","message":"LOGIN_SUCCESS","userId":"68e1ff67f991f5977aecfca5","email":"admin"}
{"timestamp":"2025-10-05T16:22:19.999Z","level":"AUDIT","message":"LOGIN_SUCCESS","userId":"68e1ff67f991f5977aecfca5","email":"admin"}
{"timestamp":"2025-10-05T18:16:33.236Z","level":"AUDIT","message":"LOGIN_SUCCESS","userId":"68e1ff67f991f5977aecfca5","email":"admin"}
{"timestamp":"2025-10-05T18:22:32.675Z","level":"AUDIT","message":"LOGIN_SUCCESS","userId":"68e1ff67f991f5977aecfca5","email":"admin"}
{"timestamp":"2025-10-05T18:25:33.466Z","level":"AUDIT","message":"LOGIN_SUCCESS","userId":"68e1ff67f991f5977aecfca5","email":"admin"}
{"timestamp":"2025-10-05T18:27:38.428Z","level":"AUDIT","message":"LOGIN_SUCCESS","userId":"68e1ff67f991f5977aecfca5","email":"admin"}
{"timestamp":"2025-10-05T20:37:27.361Z","level":"AUDIT","message":"LOGIN_SUCCESS","userId":"68e1ff67f991f5977aecfca5","email":"admin"}
